<?xml version="1.0" encoding="UTF-8"?>
<!-- Generated by org.testng.reporters.JUnitXMLReporter -->
<testsuite ignored="0" hostname="Arrenns-iMac.local" failures="3" tests="5" name="BVT Test" time="188.674" errors="0" timestamp="2025-05-16T19:11:10 PDT">
  <testcase classname="base.BaseTest" name="@AfterTest tearDown" time="0.016">
    <failure type="org.openqa.selenium.NoSuchSessionException" message="invalid session id
Build info: version: &amp;apos;4.32.0&amp;apos;, revision: &amp;apos;d17c8aa950&amp;apos;
System info: os.name: &amp;apos;Mac OS X&amp;apos;, os.arch: &amp;apos;x86_64&amp;apos;, os.version: &amp;apos;10.16&amp;apos;, java.version: &amp;apos;11.0.9.1&amp;apos;
Driver info: org.openqa.selenium.chrome.ChromeDriver
Command: [acfe0bfcb219d11ed56116d2b9d8567c, close {}]
Capabilities {acceptInsecureCerts: false, browserName: chrome, browserVersion: 136.0.7103.114, chrome: {chromedriverVersion: 136.0.7103.94 (fa0be0b33deb..., userDataDir: /var/folders/z_/q5_dc_qx6wg...}, fedcm:accounts: true, goog:chromeOptions: {debuggerAddress: localhost:61576}, networkConnectionEnabled: false, pageLoadStrategy: normal, platformName: mac, proxy: Proxy(), se:cdp: ws://localhost:61576/devtoo..., se:cdpVersion: 136.0.7103.114, setWindowRect: true, strictFileInteractability: false, timeouts: {implicit: 0, pageLoad: 300000, script: 30000}, unhandledPromptBehavior: dismiss and notify, webauthn:extension:credBlob: true, webauthn:extension:largeBlob: true, webauthn:extension:minPinLength: true, webauthn:extension:prf: true, webauthn:virtualAuthenticators: true}
Session ID: acfe0bfcb219d11ed56116d2b9d8567c">
      <![CDATA[org.openqa.selenium.NoSuchSessionException: invalid session id
Build info: version: '4.32.0', revision: 'd17c8aa950'
System info: os.name: 'Mac OS X', os.arch: 'x86_64', os.version: '10.16', java.version: '11.0.9.1'
Driver info: org.openqa.selenium.chrome.ChromeDriver
Command: [acfe0bfcb219d11ed56116d2b9d8567c, close {}]
Capabilities {acceptInsecureCerts: false, browserName: chrome, browserVersion: 136.0.7103.114, chrome: {chromedriverVersion: 136.0.7103.94 (fa0be0b33deb..., userDataDir: /var/folders/z_/q5_dc_qx6wg...}, fedcm:accounts: true, goog:chromeOptions: {debuggerAddress: localhost:61576}, networkConnectionEnabled: false, pageLoadStrategy: normal, platformName: mac, proxy: Proxy(), se:cdp: ws://localhost:61576/devtoo..., se:cdpVersion: 136.0.7103.114, setWindowRect: true, strictFileInteractability: false, timeouts: {implicit: 0, pageLoad: 300000, script: 30000}, unhandledPromptBehavior: dismiss and notify, webauthn:extension:credBlob: true, webauthn:extension:largeBlob: true, webauthn:extension:minPinLength: true, webauthn:extension:prf: true, webauthn:virtualAuthenticators: true}
Session ID: acfe0bfcb219d11ed56116d2b9d8567c
at org.openqa.selenium.remote.ErrorCodec.decode(ErrorCodec.java:167)
at org.openqa.selenium.remote.codec.w3c.W3CHttpResponseCodec.decode(W3CHttpResponseCodec.java:138)
at org.openqa.selenium.remote.codec.w3c.W3CHttpResponseCodec.decode(W3CHttpResponseCodec.java:50)
at org.openqa.selenium.remote.HttpCommandExecutor.execute(HttpCommandExecutor.java:215)
at org.openqa.selenium.remote.service.DriverCommandExecutor.invokeExecute(DriverCommandExecutor.java:216)
at org.openqa.selenium.remote.service.DriverCommandExecutor.execute(DriverCommandExecutor.java:174)
at org.openqa.selenium.remote.RemoteWebDriver.execute(RemoteWebDriver.java:545)
at org.openqa.selenium.remote.RemoteWebDriver.execute(RemoteWebDriver.java:618)
at org.openqa.selenium.remote.RemoteWebDriver.execute(RemoteWebDriver.java:622)
at org.openqa.selenium.remote.RemoteWebDriver.close(RemoteWebDriver.java:418)
at base.BaseTest.tearDown(BaseTest.java:60)
... Removed 28 stack frames]]>
    </failure>
  </testcase> <!-- @AfterTest tearDown -->
  <testcase classname="testcase.TestCaseFirst" name="LoginTest" time="15.123"/>
  <testcase classname="testcase.TestCaseFirst" name="LoginTest" time="11.29">
    <failure type="org.openqa.selenium.ElementNotInteractableException" message="element not interactable
  (Session info: chrome=136.0.7103.114)
Build info: version: &amp;apos;4.32.0&amp;apos;, revision: &amp;apos;d17c8aa950&amp;apos;
System info: os.name: &amp;apos;Mac OS X&amp;apos;, os.arch: &amp;apos;x86_64&amp;apos;, os.version: &amp;apos;10.16&amp;apos;, java.version: &amp;apos;11.0.9.1&amp;apos;
Driver info: org.openqa.selenium.chrome.ChromeDriver
Command: [6602d09559d36e16b8ba6419341af17e, sendKeysToElement {id=f.C4088CA9AB36A3C4E16218947C59EAED.d.DA9BC3B97CB879B496238F4E1D42121F.e.44, value=[Ljava.lang.CharSequence;@459b6c53}]
Capabilities {acceptInsecureCerts: false, browserName: chrome, browserVersion: 136.0.7103.114, chrome: {chromedriverVersion: 136.0.7103.94 (fa0be0b33deb..., userDataDir: /var/folders/z_/q5_dc_qx6wg...}, fedcm:accounts: true, goog:chromeOptions: {debuggerAddress: localhost:60999}, networkConnectionEnabled: false, pageLoadStrategy: normal, platformName: mac, proxy: Proxy(), se:cdp: ws://localhost:60999/devtoo..., se:cdpVersion: 136.0.7103.114, setWindowRect: true, strictFileInteractability: false, timeouts: {implicit: 0, pageLoad: 300000, script: 30000}, unhandledPromptBehavior: dismiss and notify, webauthn:extension:credBlob: true, webauthn:extension:largeBlob: true, webauthn:extension:minPinLength: true, webauthn:extension:prf: true, webauthn:virtualAuthenticators: true}
Element: [[ChromeDriver: chrome on mac (6602d09559d36e16b8ba6419341af17e)] -&amp;gt; id: password]
Session ID: 6602d09559d36e16b8ba6419341af17e">
      <![CDATA[org.openqa.selenium.ElementNotInteractableException: element not interactable
  (Session info: chrome=136.0.7103.114)
Build info: version: '4.32.0', revision: 'd17c8aa950'
System info: os.name: 'Mac OS X', os.arch: 'x86_64', os.version: '10.16', java.version: '11.0.9.1'
Driver info: org.openqa.selenium.chrome.ChromeDriver
Command: [6602d09559d36e16b8ba6419341af17e, sendKeysToElement {id=f.C4088CA9AB36A3C4E16218947C59EAED.d.DA9BC3B97CB879B496238F4E1D42121F.e.44, value=[Ljava.lang.CharSequence;@459b6c53}]
Capabilities {acceptInsecureCerts: false, browserName: chrome, browserVersion: 136.0.7103.114, chrome: {chromedriverVersion: 136.0.7103.94 (fa0be0b33deb..., userDataDir: /var/folders/z_/q5_dc_qx6wg...}, fedcm:accounts: true, goog:chromeOptions: {debuggerAddress: localhost:60999}, networkConnectionEnabled: false, pageLoadStrategy: normal, platformName: mac, proxy: Proxy(), se:cdp: ws://localhost:60999/devtoo..., se:cdpVersion: 136.0.7103.114, setWindowRect: true, strictFileInteractability: false, timeouts: {implicit: 0, pageLoad: 300000, script: 30000}, unhandledPromptBehavior: dismiss and notify, webauthn:extension:credBlob: true, webauthn:extension:largeBlob: true, webauthn:extension:minPinLength: true, webauthn:extension:prf: true, webauthn:virtualAuthenticators: true}
Element: [[ChromeDriver: chrome on mac (6602d09559d36e16b8ba6419341af17e)] -> id: password]
Session ID: 6602d09559d36e16b8ba6419341af17e
at org.openqa.selenium.remote.ErrorCodec.decode(ErrorCodec.java:167)
at org.openqa.selenium.remote.codec.w3c.W3CHttpResponseCodec.decode(W3CHttpResponseCodec.java:138)
at org.openqa.selenium.remote.codec.w3c.W3CHttpResponseCodec.decode(W3CHttpResponseCodec.java:50)
at org.openqa.selenium.remote.HttpCommandExecutor.execute(HttpCommandExecutor.java:215)
at org.openqa.selenium.remote.service.DriverCommandExecutor.invokeExecute(DriverCommandExecutor.java:216)
at org.openqa.selenium.remote.service.DriverCommandExecutor.execute(DriverCommandExecutor.java:174)
at org.openqa.selenium.remote.RemoteWebDriver.execute(RemoteWebDriver.java:545)
at org.openqa.selenium.remote.RemoteWebElement.execute(RemoteWebElement.java:223)
at org.openqa.selenium.remote.RemoteWebElement.sendKeys(RemoteWebElement.java:110)
at testcase.TestCaseFirst.LoginTest(TestCaseFirst.java:21)
at java.base/java.util.ArrayList.forEach(ArrayList.java:1541)
... Removed 31 stack frames]]>
    </failure>
  </testcase> <!-- LoginTest -->
  <testcase classname="testcase.TestCaseFirst" name="LoginTest" time="12.341">
    <failure type="org.openqa.selenium.ElementNotInteractableException" message="element not interactable
  (Session info: chrome=136.0.7103.114)
Build info: version: &amp;apos;4.32.0&amp;apos;, revision: &amp;apos;d17c8aa950&amp;apos;
System info: os.name: &amp;apos;Mac OS X&amp;apos;, os.arch: &amp;apos;x86_64&amp;apos;, os.version: &amp;apos;10.16&amp;apos;, java.version: &amp;apos;11.0.9.1&amp;apos;
Driver info: org.openqa.selenium.chrome.ChromeDriver
Command: [1c03bd7b8688ec7f60f8b4bec39050f5, sendKeysToElement {id=f.91A394BA41C9DFC6E932AB4BB8F881B3.d.D33990257F6D258D84D3941F17C842C1.e.45, value=[Ljava.lang.CharSequence;@3c8a7e38}]
Capabilities {acceptInsecureCerts: false, browserName: chrome, browserVersion: 136.0.7103.114, chrome: {chromedriverVersion: 136.0.7103.94 (fa0be0b33deb..., userDataDir: /var/folders/z_/q5_dc_qx6wg...}, fedcm:accounts: true, goog:chromeOptions: {debuggerAddress: localhost:61192}, networkConnectionEnabled: false, pageLoadStrategy: normal, platformName: mac, proxy: Proxy(), se:cdp: ws://localhost:61192/devtoo..., se:cdpVersion: 136.0.7103.114, setWindowRect: true, strictFileInteractability: false, timeouts: {implicit: 0, pageLoad: 300000, script: 30000}, unhandledPromptBehavior: dismiss and notify, webauthn:extension:credBlob: true, webauthn:extension:largeBlob: true, webauthn:extension:minPinLength: true, webauthn:extension:prf: true, webauthn:virtualAuthenticators: true}
Element: [[ChromeDriver: chrome on mac (1c03bd7b8688ec7f60f8b4bec39050f5)] -&amp;gt; id: password]
Session ID: 1c03bd7b8688ec7f60f8b4bec39050f5">
      <![CDATA[org.openqa.selenium.ElementNotInteractableException: element not interactable
  (Session info: chrome=136.0.7103.114)
Build info: version: '4.32.0', revision: 'd17c8aa950'
System info: os.name: 'Mac OS X', os.arch: 'x86_64', os.version: '10.16', java.version: '11.0.9.1'
Driver info: org.openqa.selenium.chrome.ChromeDriver
Command: [1c03bd7b8688ec7f60f8b4bec39050f5, sendKeysToElement {id=f.91A394BA41C9DFC6E932AB4BB8F881B3.d.D33990257F6D258D84D3941F17C842C1.e.45, value=[Ljava.lang.CharSequence;@3c8a7e38}]
Capabilities {acceptInsecureCerts: false, browserName: chrome, browserVersion: 136.0.7103.114, chrome: {chromedriverVersion: 136.0.7103.94 (fa0be0b33deb..., userDataDir: /var/folders/z_/q5_dc_qx6wg...}, fedcm:accounts: true, goog:chromeOptions: {debuggerAddress: localhost:61192}, networkConnectionEnabled: false, pageLoadStrategy: normal, platformName: mac, proxy: Proxy(), se:cdp: ws://localhost:61192/devtoo..., se:cdpVersion: 136.0.7103.114, setWindowRect: true, strictFileInteractability: false, timeouts: {implicit: 0, pageLoad: 300000, script: 30000}, unhandledPromptBehavior: dismiss and notify, webauthn:extension:credBlob: true, webauthn:extension:largeBlob: true, webauthn:extension:minPinLength: true, webauthn:extension:prf: true, webauthn:virtualAuthenticators: true}
Element: [[ChromeDriver: chrome on mac (1c03bd7b8688ec7f60f8b4bec39050f5)] -> id: password]
Session ID: 1c03bd7b8688ec7f60f8b4bec39050f5
at org.openqa.selenium.remote.ErrorCodec.decode(ErrorCodec.java:167)
at org.openqa.selenium.remote.codec.w3c.W3CHttpResponseCodec.decode(W3CHttpResponseCodec.java:138)
at org.openqa.selenium.remote.codec.w3c.W3CHttpResponseCodec.decode(W3CHttpResponseCodec.java:50)
at org.openqa.selenium.remote.HttpCommandExecutor.execute(HttpCommandExecutor.java:215)
at org.openqa.selenium.remote.service.DriverCommandExecutor.invokeExecute(DriverCommandExecutor.java:216)
at org.openqa.selenium.remote.service.DriverCommandExecutor.execute(DriverCommandExecutor.java:174)
at org.openqa.selenium.remote.RemoteWebDriver.execute(RemoteWebDriver.java:545)
at org.openqa.selenium.remote.RemoteWebElement.execute(RemoteWebElement.java:223)
at org.openqa.selenium.remote.RemoteWebElement.sendKeys(RemoteWebElement.java:110)
at testcase.TestCaseFirst.LoginTest(TestCaseFirst.java:21)
at java.base/java.util.ArrayList.forEach(ArrayList.java:1541)
... Removed 31 stack frames]]>
    </failure>
  </testcase> <!-- LoginTest -->
  <testcase classname="testcase.TestCaseFirst" name="LoginTest" time="11.004">
    <failure type="org.openqa.selenium.ElementNotInteractableException" message="element not interactable
  (Session info: chrome=136.0.7103.114)
Build info: version: &amp;apos;4.32.0&amp;apos;, revision: &amp;apos;d17c8aa950&amp;apos;
System info: os.name: &amp;apos;Mac OS X&amp;apos;, os.arch: &amp;apos;x86_64&amp;apos;, os.version: &amp;apos;10.16&amp;apos;, java.version: &amp;apos;11.0.9.1&amp;apos;
Driver info: org.openqa.selenium.chrome.ChromeDriver
Command: [85b8b689ac3d9d8cdb4f3fdff55bc23c, sendKeysToElement {id=f.42D5C1A4BC30E56E469EC8801B62E875.d.025452C82AB14B2D32C9E81A98444622.e.47, value=[Ljava.lang.CharSequence;@6ebc9573}]
Capabilities {acceptInsecureCerts: false, browserName: chrome, browserVersion: 136.0.7103.114, chrome: {chromedriverVersion: 136.0.7103.94 (fa0be0b33deb..., userDataDir: /var/folders/z_/q5_dc_qx6wg...}, fedcm:accounts: true, goog:chromeOptions: {debuggerAddress: localhost:61390}, networkConnectionEnabled: false, pageLoadStrategy: normal, platformName: mac, proxy: Proxy(), se:cdp: ws://localhost:61390/devtoo..., se:cdpVersion: 136.0.7103.114, setWindowRect: true, strictFileInteractability: false, timeouts: {implicit: 0, pageLoad: 300000, script: 30000}, unhandledPromptBehavior: dismiss and notify, webauthn:extension:credBlob: true, webauthn:extension:largeBlob: true, webauthn:extension:minPinLength: true, webauthn:extension:prf: true, webauthn:virtualAuthenticators: true}
Element: [[ChromeDriver: chrome on mac (85b8b689ac3d9d8cdb4f3fdff55bc23c)] -&amp;gt; id: password]
Session ID: 85b8b689ac3d9d8cdb4f3fdff55bc23c">
      <![CDATA[org.openqa.selenium.ElementNotInteractableException: element not interactable
  (Session info: chrome=136.0.7103.114)
Build info: version: '4.32.0', revision: 'd17c8aa950'
System info: os.name: 'Mac OS X', os.arch: 'x86_64', os.version: '10.16', java.version: '11.0.9.1'
Driver info: org.openqa.selenium.chrome.ChromeDriver
Command: [85b8b689ac3d9d8cdb4f3fdff55bc23c, sendKeysToElement {id=f.42D5C1A4BC30E56E469EC8801B62E875.d.025452C82AB14B2D32C9E81A98444622.e.47, value=[Ljava.lang.CharSequence;@6ebc9573}]
Capabilities {acceptInsecureCerts: false, browserName: chrome, browserVersion: 136.0.7103.114, chrome: {chromedriverVersion: 136.0.7103.94 (fa0be0b33deb..., userDataDir: /var/folders/z_/q5_dc_qx6wg...}, fedcm:accounts: true, goog:chromeOptions: {debuggerAddress: localhost:61390}, networkConnectionEnabled: false, pageLoadStrategy: normal, platformName: mac, proxy: Proxy(), se:cdp: ws://localhost:61390/devtoo..., se:cdpVersion: 136.0.7103.114, setWindowRect: true, strictFileInteractability: false, timeouts: {implicit: 0, pageLoad: 300000, script: 30000}, unhandledPromptBehavior: dismiss and notify, webauthn:extension:credBlob: true, webauthn:extension:largeBlob: true, webauthn:extension:minPinLength: true, webauthn:extension:prf: true, webauthn:virtualAuthenticators: true}
Element: [[ChromeDriver: chrome on mac (85b8b689ac3d9d8cdb4f3fdff55bc23c)] -> id: password]
Session ID: 85b8b689ac3d9d8cdb4f3fdff55bc23c
at org.openqa.selenium.remote.ErrorCodec.decode(ErrorCodec.java:167)
at org.openqa.selenium.remote.codec.w3c.W3CHttpResponseCodec.decode(W3CHttpResponseCodec.java:138)
at org.openqa.selenium.remote.codec.w3c.W3CHttpResponseCodec.decode(W3CHttpResponseCodec.java:50)
at org.openqa.selenium.remote.HttpCommandExecutor.execute(HttpCommandExecutor.java:215)
at org.openqa.selenium.remote.service.DriverCommandExecutor.invokeExecute(DriverCommandExecutor.java:216)
at org.openqa.selenium.remote.service.DriverCommandExecutor.execute(DriverCommandExecutor.java:174)
at org.openqa.selenium.remote.RemoteWebDriver.execute(RemoteWebDriver.java:545)
at org.openqa.selenium.remote.RemoteWebElement.execute(RemoteWebElement.java:223)
at org.openqa.selenium.remote.RemoteWebElement.sendKeys(RemoteWebElement.java:110)
at testcase.TestCaseFirst.LoginTest(TestCaseFirst.java:21)
at java.base/java.util.ArrayList.forEach(ArrayList.java:1541)
... Removed 31 stack frames]]>
    </failure>
  </testcase> <!-- LoginTest -->
  <testcase classname="testcase.TestCaseFirst" name="LoginTest" time="16.495"/>
</testsuite> <!-- BVT Test -->
