<?xml version="1.0" encoding="UTF-8"?>
<testng-results ignored="0" total="1" passed="1" failed="0" skipped="0">
  <reporter-output>
  </reporter-output>
  <suite started-at="2025-05-17T15:00:09 PDT" name="BVT Test Suite" finished-at="2025-05-17T15:01:06 PDT" duration-ms="56825">
    <groups>
    </groups>
    <test started-at="2025-05-17T15:00:09 PDT" name="BVT Test" finished-at="2025-05-17T15:01:06 PDT" duration-ms="56825">
      <class name="testcase.TestCaseFirst">
        <test-method is-config="true" signature="setUp()[pri:0, instance:testcase.TestCaseFirst@1e4f4a5c]" started-at="2025-05-17T15:00:09 PDT" name="setUp" finished-at="2025-05-17T15:00:36 PDT" duration-ms="27188" status="PASS">
          <reporter-output>
          </reporter-output>
        </test-method> <!-- setUp -->
        <test-method signature="LoginTest(java.lang.String,java.lang.String)[pri:0, instance:testcase.TestCaseFirst@1e4f4a5c]" started-at="2025-05-17T15:00:36 PDT" name="LoginTest" data-provider="testdata" finished-at="2025-05-17T15:01:05 PDT" duration-ms="28759" status="PASS">
          <params>
            <param index="0">
              <value>
                <![CDATA[arrennbaral@gmail.com]]>
              </value>
            </param>
            <param index="1">
              <value>
                <![CDATA[2kWip@HgY!S9gAL]]>
              </value>
            </param>
          </params>
          <reporter-output>
          </reporter-output>
        </test-method> <!-- LoginTest -->
        <test-method is-config="true" signature="tearDown()[pri:0, instance:testcase.TestCaseFirst@1e4f4a5c]" started-at="2025-05-17T15:01:05 PDT" name="tearDown" finished-at="2025-05-17T15:01:06 PDT" duration-ms="782" status="PASS">
          <reporter-output>
          </reporter-output>
        </test-method> <!-- tearDown -->
      </class> <!-- testcase.TestCaseFirst -->
    </test> <!-- BVT Test -->
  </suite> <!-- BVT Test Suite -->
</testng-results>
