<?xml version="1.0" encoding="UTF-8"?>
<testng-results ignored="0" total="1" passed="1" failed="0" skipped="0">
  <reporter-output>
  </reporter-output>
  <suite started-at="2025-05-16T10:08:01 PDT" name="Default suite" finished-at="2025-05-16T10:08:34 PDT" duration-ms="33062">
    <groups>
    </groups>
    <test started-at="2025-05-16T10:08:01 PDT" name="Default test" finished-at="2025-05-16T10:08:34 PDT" duration-ms="33062">
      <class name="testcase.TestCaseFirst">
        <test-method is-config="true" signature="setUp()[pri:0, instance:testcase.TestCaseFirst@503f91c3]" started-at="2025-05-16T10:08:01 PDT" name="setUp" finished-at="2025-05-16T10:08:22 PDT" duration-ms="21492" status="PASS">
          <reporter-output>
          </reporter-output>
        </test-method> <!-- setUp -->
        <test-method signature="LoginTest()[pri:0, instance:testcase.TestCaseFirst@503f91c3]" started-at="2025-05-16T10:08:22 PDT" name="LoginTest" finished-at="2025-05-16T10:08:33 PDT" duration-ms="11137" status="PASS">
          <reporter-output>
          </reporter-output>
        </test-method> <!-- LoginTest -->
        <test-method is-config="true" signature="tearDown()[pri:0, instance:testcase.TestCaseFirst@503f91c3]" started-at="2025-05-16T10:08:33 PDT" name="tearDown" finished-at="2025-05-16T10:08:34 PDT" duration-ms="316" status="PASS">
          <reporter-output>
          </reporter-output>
        </test-method> <!-- tearDown -->
      </class> <!-- testcase.TestCaseFirst -->
    </test> <!-- Default test -->
  </suite> <!-- Default suite -->
</testng-results>
